
  _     ._   __/__   _ _  _  _ _/_   Recorded: 13:40:56  Samples:  3721
 /_//_/// /_\ / //_// / //_'/ //     Duration: 7.082     CPU time: 7.076
/   _/                      v3.0.1

Program: tests/manualtest/run_response_performance.py -p pyinst --response-count 10000 --response-size 500 -r 15-use-tuples -l

[31m7.082[0m [48;5;24m[38;5;15mexecute_test_code[0m  [2mrun_response_performance.py:193[0m
├─ [31m5.372[0m [48;5;24m[38;5;15mparse_cim[0m  [2mpywbem/tupleparse.py:389[0m
│  └─ [31m5.372[0m [48;5;24m[38;5;15mone_child[0m  [2mpywbem/tupleparse.py:251[0m
│     └─ [31m5.372[0m [48;5;24m[38;5;15mparse_any[0m  [2mpywbem/tupleparse.py:2062[0m
│        └─ [31m5.372[0m [48;5;24m[38;5;15mparse_message[0m  [2mpywbem/tupleparse.py:1636[0m
│           └─ [31m5.372[0m [48;5;24m[38;5;15mone_child[0m  [2mpywbem/tupleparse.py:251[0m
│              └─ [31m5.372[0m [48;5;24m[38;5;15mparse_any[0m  [2mpywbem/tupleparse.py:2062[0m
│                 └─ [31m5.372[0m [48;5;24m[38;5;15mparse_simplersp[0m  [2mpywbem/tupleparse.py:1897[0m
│                    └─ [31m5.372[0m [48;5;24m[38;5;15mone_child[0m  [2mpywbem/tupleparse.py:251[0m
│                       └─ [31m5.372[0m [48;5;24m[38;5;15mparse_any[0m  [2mpywbem/tupleparse.py:2062[0m
│                          └─ [31m5.372[0m [48;5;24m[38;5;15mparse_imethodresponse[0m  [2mpywbem/tupleparse.py:1952[0m
│                             └─ [31m5.372[0m [48;5;24m[38;5;15mlist_of_various[0m  [2mpywbem/tupleparse.py:306[0m
│                                └─ [31m5.372[0m [48;5;24m[38;5;15mparse_any[0m  [2mpywbem/tupleparse.py:2062[0m
│                                   └─ [31m5.372[0m [48;5;24m[38;5;15mparse_ireturnvalue[0m  [2mpywbem/tupleparse.py:2019[0m
│                                      └─ [31m5.361[0m [48;5;24m[38;5;15mlist_of_same[0m  [2mpywbem/tupleparse.py:344[0m
│                                         └─ [31m5.341[0m [48;5;24m[38;5;15mparse_any[0m  [2mpywbem/tupleparse.py:2062[0m
│                                            └─ [31m5.285[0m [48;5;24m[38;5;15mparse_value_namedinstance[0m  [2mpywbem/tupleparse.py:543[0m
│                                               ├─ [33m3.715[0m [48;5;24m[38;5;15mparse_instance[0m  [2mpywbem/tupleparse.py:1133[0m
│                                               │  ├─ [33m2.858[0m [48;5;24m[38;5;15mlist_of_matching[0m  [2mpywbem/tupleparse.py:327[0m
│                                               │  │  └─ [33m2.749[0m [48;5;24m[38;5;15mparse_any[0m  [2mpywbem/tupleparse.py:2062[0m
│                                               │  │     ├─ [33m1.657[0m [48;5;24m[38;5;15mparse_property[0m  [2mpywbem/tupleparse.py:1323[0m
│                                               │  │     │  ├─ [32m0.667[0m [48;5;24m[38;5;15m__init__[0m  [2mpywbem/cim_obj.py:4326[0m
│                                               │  │     │  │  ├─ [92m[2m0.346[0m [48;5;24m[38;5;15mqualifiers[0m  [2mpywbem/cim_obj.py:4791[0m
│                                               │  │     │  │  │  └─ [92m[2m0.313[0m [48;5;24m[38;5;15m__init__[0m  [2mpywbem/_nocasedict.py:90[0m
│                                               │  │     │  │  │     └─ [92m[2m0.273[0m __init__[0m  [2mcollections/__init__.py:41[0m
│                                               │  │     │  │  │           [4 frames hidden]  [2mcollections, _collections_abc[0m
│                                               │  │     │  │  └─ [92m[2m0.079[0m [self][0m  [2m[0m
│                                               │  │     │  ├─ [32m0.527[0m [48;5;24m[38;5;15munpack_value[0m  [2mpywbem/tupleparse.py:2152[0m
│                                               │  │     │  │  ├─ [92m[2m0.317[0m [48;5;24m[38;5;15mlist_of_matching[0m  [2mpywbem/tupleparse.py:327[0m
│                                               │  │     │  │  │  └─ [92m[2m0.227[0m [48;5;24m[38;5;15mparse_any[0m  [2mpywbem/tupleparse.py:2062[0m
│                                               │  │     │  │  │     └─ [92m[2m0.167[0m [48;5;24m[38;5;15mparse_value[0m  [2mpywbem/tupleparse.py:455[0m
│                                               │  │     │  │  │        └─ [92m[2m0.093[0m [48;5;24m[38;5;15mcheck_node[0m  [2mpywbem/tupleparse.py:165[0m
│                                               │  │     │  │  └─ [92m[2m0.170[0m [48;5;24m[38;5;15munpack_single_value[0m  [2mpywbem/tupleparse.py:2183[0m
│                                               │  │     │  │     └─ [92m[2m0.117[0m [48;5;24m[38;5;15munpack_numeric[0m  [2mpywbem/tupleparse.py:2249[0m
│                                               │  │     │  ├─ [92m[2m0.219[0m [48;5;24m[38;5;15mcheck_node[0m  [2mpywbem/tupleparse.py:165[0m
│                                               │  │     │  │  └─ [92m[2m0.175[0m [self][0m  [2m[0m
│                                               │  │     │  └─ [92m[2m0.166[0m [self][0m  [2m[0m
│                                               │  │     ├─ [32m0.981[0m [48;5;24m[38;5;15mparse_property_array[0m  [2mpywbem/tupleparse.py:1380[0m
│                                               │  │     │  ├─ [32m0.425[0m [48;5;24m[38;5;15munpack_value[0m  [2mpywbem/tupleparse.py:2152[0m
│                                               │  │     │  │  └─ [32m0.398[0m [48;5;24m[38;5;15mlist_of_matching[0m  [2mpywbem/tupleparse.py:327[0m
│                                               │  │     │  │     ├─ [92m[2m0.197[0m [48;5;24m[38;5;15mparse_any[0m  [2mpywbem/tupleparse.py:2062[0m
│                                               │  │     │  │     │  └─ [92m[2m0.180[0m [48;5;24m[38;5;15mparse_value_array[0m  [2mpywbem/tupleparse.py:474[0m
│                                               │  │     │  │     │     └─ [92m[2m0.121[0m [48;5;24m[38;5;15mlist_of_various[0m  [2mpywbem/tupleparse.py:306[0m
│                                               │  │     │  │     │        └─ [92m[2m0.091[0m [48;5;24m[38;5;15mparse_any[0m  [2mpywbem/tupleparse.py:2062[0m
│                                               │  │     │  │     └─ [92m[2m0.191[0m [48;5;24m[38;5;15mkids[0m  [2mpywbem/tupleparse.py:117[0m
│                                               │  │     │  │        └─ [92m[2m0.183[0m [self][0m  [2m[0m
│                                               │  │     │  ├─ [92m[2m0.313[0m [48;5;24m[38;5;15m__init__[0m  [2mpywbem/cim_obj.py:4326[0m
│                                               │  │     │  │  └─ [92m[2m0.158[0m [48;5;24m[38;5;15mqualifiers[0m  [2mpywbem/cim_obj.py:4791[0m
│                                               │  │     │  │     └─ [92m[2m0.154[0m [48;5;24m[38;5;15m__init__[0m  [2mpywbem/_nocasedict.py:90[0m
│                                               │  │     │  │        └─ [92m[2m0.130[0m __init__[0m  [2mcollections/__init__.py:41[0m
│                                               │  │     │  │              [4 frames hidden]  [2mcollections, _collections_abc[0m
│                                               │  │     │  ├─ [92m[2m0.123[0m [48;5;24m[38;5;15mcheck_node[0m  [2mpywbem/tupleparse.py:165[0m
│                                               │  │     │  │  └─ [92m[2m0.091[0m [self][0m  [2m[0m
│                                               │  │     │  └─ [92m[2m0.082[0m [self][0m  [2m[0m
│                                               │  │     └─ [92m[2m0.106[0m [self][0m  [2m[0m
│                                               │  ├─ [32m0.388[0m [48;5;24m[38;5;15m__init__[0m  [2mpywbem/cim_obj.py:2256[0m
│                                               │  │  ├─ [92m[2m0.245[0m [48;5;24m[38;5;15mproperties[0m  [2mpywbem/cim_obj.py:2408[0m
│                                               │  │  │  └─ [92m[2m0.238[0m [48;5;24m[38;5;15m__init__[0m  [2mpywbem/_nocasedict.py:90[0m
│                                               │  │  │     └─ [92m[2m0.225[0m __init__[0m  [2mcollections/__init__.py:41[0m
│                                               │  │  │           [4 frames hidden]  [2mcollections, _collections_abc[0m
│                                               │  │  └─ [92m[2m0.113[0m [48;5;24m[38;5;15mqualifiers[0m  [2mpywbem/cim_obj.py:2463[0m
│                                               │  │     └─ [92m[2m0.094[0m [48;5;24m[38;5;15m__init__[0m  [2mpywbem/_nocasedict.py:90[0m
│                                               │  │        └─ [92m[2m0.081[0m __init__[0m  [2mcollections/__init__.py:41[0m
│                                               │  │              [4 frames hidden]  [2mcollections, _collections_abc[0m
│                                               │  ├─ [92m[2m0.274[0m [48;5;24m[38;5;15m__setitem__[0m  [2mpywbem/cim_obj.py:2637[0m
│                                               │  │  └─ [92m[2m0.157[0m [48;5;24m[38;5;15m__setitem__[0m  [2mpywbem/_nocasedict.py:237[0m
│                                               │  │     └─ [92m[2m0.103[0m __setitem__[0m  [2mcollections/__init__.py:62[0m
│                                               │  │           [2 frames hidden]  [2mcollections[0m
│                                               │  └─ [92m[2m0.134[0m [48;5;24m[38;5;15mcheck_node[0m  [2mpywbem/tupleparse.py:165[0m
│                                               │     └─ [92m[2m0.104[0m [self][0m  [2m[0m
│                                               ├─ [32m0.846[0m [48;5;24m[38;5;15mparse_instancename[0m  [2mpywbem/tupleparse.py:947[0m
│                                               │  ├─ [32m0.577[0m [48;5;24m[38;5;15m__init__[0m  [2mpywbem/cim_obj.py:1105[0m
│                                               │  │  └─ [32m0.518[0m [48;5;24m[38;5;15mkeybindings[0m  [2mpywbem/cim_obj.py:1255[0m
│                                               │  │     ├─ [32m0.371[0m [48;5;24m[38;5;15m__setitem__[0m  [2mpywbem/_nocasedict.py:237[0m
│                                               │  │     │  └─ [32m0.367[0m __setitem__[0m  [2mcollections/__init__.py:62[0m
│                                               │  │     │        [2 frames hidden]  [2mcollections[0m
│                                               │  │     └─ [92m[2m0.108[0m [48;5;24m[38;5;15m__init__[0m  [2mpywbem/_nocasedict.py:90[0m
│                                               │  │        └─ [92m[2m0.096[0m __init__[0m  [2mcollections/__init__.py:41[0m
│                                               │  │              [4 frames hidden]  [2mcollections, _collections_abc[0m
│                                               │  └─ [92m[2m0.201[0m [48;5;24m[38;5;15mlist_of_various[0m  [2mpywbem/tupleparse.py:306[0m
│                                               │     └─ [92m[2m0.180[0m [48;5;24m[38;5;15mparse_any[0m  [2mpywbem/tupleparse.py:2062[0m
│                                               │        └─ [92m[2m0.157[0m [48;5;24m[38;5;15mparse_keybinding[0m  [2mpywbem/tupleparse.py:1018[0m
│                                               │           └─ [92m[2m0.117[0m [48;5;24m[38;5;15mone_child[0m  [2mpywbem/tupleparse.py:251[0m
│                                               │              └─ [92m[2m0.094[0m [48;5;24m[38;5;15mparse_any[0m  [2mpywbem/tupleparse.py:2062[0m
│                                               │                 └─ [92m[2m0.078[0m [48;5;24m[38;5;15mparse_keyvalue[0m  [2mpywbem/tupleparse.py:1039[0m
│                                               └─ [32m0.643[0m [48;5;24m[38;5;15mpath[0m  [2mpywbem/cim_obj.py:2502[0m
│                                                  └─ [32m0.638[0m [48;5;24m[38;5;15mcopy[0m  [2mpywbem/cim_obj.py:1441[0m
│                                                     └─ [32m0.606[0m [48;5;24m[38;5;15m__init__[0m  [2mpywbem/cim_obj.py:1105[0m
│                                                        └─ [32m0.549[0m [48;5;24m[38;5;15mkeybindings[0m  [2mpywbem/cim_obj.py:1255[0m
│                                                           ├─ [92m[2m0.316[0m [self][0m  [2m[0m
│                                                           ├─ [92m[2m0.093[0m [48;5;24m[38;5;15mitems[0m  [2mpywbem/_nocasedict.py:319[0m
│                                                           │  └─ [92m[2m0.071[0m [48;5;24m[38;5;15miteritems[0m  [2mpywbem/_nocasedict.py:344[0m
│                                                           └─ [92m[2m0.091[0m [48;5;24m[38;5;15m__init__[0m  [2mpywbem/_nocasedict.py:90[0m
├─ [33m1.636[0m [48;5;24m[38;5;15mxml_to_tupletree_sax[0m  [2mpywbem/tupletree.py:125[0m
│  └─ [33m1.634[0m parseString[0m  [2mxml/sax/__init__.py:35[0m
│        [18 frames hidden]  [2mxml, urllib[0m
│           [33m1.628[0m feed[0m  [2mxml/sax/expatreader.py:196[0m
│           ├─ [32m0.952[0m start_element[0m  [2mxml/sax/expatreader.py:303[0m
│           │  ├─ [32m0.775[0m [48;5;24m[38;5;15mstartElement[0m  [2mpywbem/tupletree.py:96[0m
│           │  │  ├─ [32m0.471[0m items[0m  [2mxml/sax/xmlreader.py:330[0m
│           │  │  │     [2 frames hidden]  [2mxml[0m
│           │  │  └─ [92m[2m0.304[0m [self][0m  [2m[0m
│           ├─ [92m[2m0.169[0m [48;5;24m[38;5;15mcharacters[0m  [2mpywbem/tupletree.py:115[0m
└─ [92m[2m0.074[0m [self][0m  [2m[0m


Results: profile=pyinst, response_counts=[10000],
   response-sizes=[500], runid=15-use-tuples 20190319-134056
  Exp inst    Act inst    Response      XML    Parse time    Instances
      size        size       Count     size          sec.      per sec
----------  ----------  ----------  -------  ------------  -----------
       500         589       10000  5896919          7.13         1401
