
  _     ._   __/__   _ _  _  _ _/_   Recorded: 08:09:22  Samples:  2779
 /_//_/// /_\ / //_// / //_'/ //     Duration: 5.588    
/   _/                      v3.0.1

Program: tests/manualtest/run_response_performance.py -i -c 1000 10000 -s 500 -n 25 -l -p pyinst -r 7-filtertuples

[31m5.588[0m [48;5;24m[38;5;15mexecute_test_code[0m  [2mrun_response_performance.py:192[0m
├─ [31m4.425[0m [48;5;24m[38;5;15mparse_cim[0m  [2mpywbem/tupleparse.py:384[0m
│  └─ [31m4.425[0m [48;5;24m[38;5;15mone_child[0m  [2mpywbem/tupleparse.py:250[0m
│     └─ [31m4.425[0m [48;5;24m[38;5;15mparse_any[0m  [2mpywbem/tupleparse.py:2047[0m
│        └─ [31m4.425[0m [48;5;24m[38;5;15mparse_message[0m  [2mpywbem/tupleparse.py:1621[0m
│           └─ [31m4.425[0m [48;5;24m[38;5;15mone_child[0m  [2mpywbem/tupleparse.py:250[0m
│              └─ [31m4.425[0m [48;5;24m[38;5;15mparse_any[0m  [2mpywbem/tupleparse.py:2047[0m
│                 └─ [31m4.425[0m [48;5;24m[38;5;15mparse_simplersp[0m  [2mpywbem/tupleparse.py:1882[0m
│                    └─ [31m4.425[0m [48;5;24m[38;5;15mone_child[0m  [2mpywbem/tupleparse.py:250[0m
│                       └─ [31m4.425[0m [48;5;24m[38;5;15mparse_any[0m  [2mpywbem/tupleparse.py:2047[0m
│                          └─ [31m4.425[0m [48;5;24m[38;5;15mparse_imethodresponse[0m  [2mpywbem/tupleparse.py:1937[0m
│                             └─ [31m4.425[0m [48;5;24m[38;5;15mlist_of_various[0m  [2mpywbem/tupleparse.py:302[0m
│                                └─ [31m4.425[0m [48;5;24m[38;5;15mparse_any[0m  [2mpywbem/tupleparse.py:2047[0m
│                                   └─ [31m4.425[0m [48;5;24m[38;5;15mparse_ireturnvalue[0m  [2mpywbem/tupleparse.py:2004[0m
│                                      └─ [31m4.417[0m [48;5;24m[38;5;15mlist_of_same[0m  [2mpywbem/tupleparse.py:339[0m
│                                         └─ [31m4.401[0m [48;5;24m[38;5;15mparse_any[0m  [2mpywbem/tupleparse.py:2047[0m
│                                            └─ [31m4.371[0m [48;5;24m[38;5;15mparse_value_namedinstance[0m  [2mpywbem/tupleparse.py:538[0m
│                                               ├─ [31m3.370[0m [48;5;24m[38;5;15mparse_instance[0m  [2mpywbem/tupleparse.py:1131[0m
│                                               │  ├─ [33m2.402[0m [48;5;24m[38;5;15mlist_of_matching[0m  [2mpywbem/tupleparse.py:323[0m
│                                               │  │  ├─ [33m2.293[0m [48;5;24m[38;5;15mparse_any[0m  [2mpywbem/tupleparse.py:2047[0m
│                                               │  │  │  ├─ [33m1.721[0m [48;5;24m[38;5;15mparse_property[0m  [2mpywbem/tupleparse.py:1321[0m
│                                               │  │  │  │  ├─ [32m0.955[0m [48;5;24m[38;5;15m__init__[0m  [2mpywbem/cim_obj.py:4324[0m
│                                               │  │  │  │  │  ├─ [32m0.609[0m [48;5;24m[38;5;15mqualifiers[0m  [2mpywbem/cim_obj.py:4779[0m
│                                               │  │  │  │  │  │  └─ [32m0.594[0m [48;5;24m[38;5;15m__init__[0m  [2mpywbem/_nocasedict.py:90[0m
│                                               │  │  │  │  │  │     ├─ [32m0.296[0m [self][0m  [2m[0m
│                                               │  │  │  │  │  │     └─ [92m[2m0.262[0m __init__[0m  [2mcollections.py:50[0m
│                                               │  │  │  │  │  │           [8 frames hidden]  [2mcollections, _abcoll, abc, _weakrefset[0m
│                                               │  │  │  │  │  └─ [92m[2m0.071[0m [self][0m  [2m[0m
│                                               │  │  │  │  ├─ [32m0.440[0m [48;5;24m[38;5;15munpack_value[0m  [2mpywbem/tupleparse.py:2137[0m
│                                               │  │  │  │  │  ├─ [92m[2m0.218[0m [48;5;24m[38;5;15mlist_of_matching[0m  [2mpywbem/tupleparse.py:323[0m
│                                               │  │  │  │  │  │  └─ [92m[2m0.169[0m [48;5;24m[38;5;15mparse_any[0m  [2mpywbem/tupleparse.py:2047[0m
│                                               │  │  │  │  │  │     └─ [92m[2m0.125[0m [48;5;24m[38;5;15mparse_value[0m  [2mpywbem/tupleparse.py:450[0m
│                                               │  │  │  │  │  │        └─ [92m[2m0.066[0m [48;5;24m[38;5;15mcheck_node[0m  [2mpywbem/tupleparse.py:165[0m
│                                               │  │  │  │  │  ├─ [92m[2m0.115[0m [48;5;24m[38;5;15munpack_single_value[0m  [2mpywbem/tupleparse.py:2170[0m
│                                               │  │  │  │  │  │  └─ [92m[2m0.077[0m [48;5;24m[38;5;15munpack_numeric[0m  [2mpywbem/tupleparse.py:2292[0m
│                                               │  │  │  │  │  └─ [92m[2m0.103[0m [self][0m  [2m[0m
│                                               │  │  │  │  ├─ [92m[2m0.145[0m [48;5;24m[38;5;15mcheck_node[0m  [2mpywbem/tupleparse.py:165[0m
│                                               │  │  │  │  │  └─ [92m[2m0.116[0m [self][0m  [2m[0m
│                                               │  │  │  │  └─ [92m[2m0.117[0m [self][0m  [2m[0m
│                                               │  │  │  ├─ [32m0.503[0m [48;5;24m[38;5;15mparse_property_array[0m  [2mpywbem/tupleparse.py:1377[0m
│                                               │  │  │  │  ├─ [92m[2m0.185[0m [48;5;24m[38;5;15m__init__[0m  [2mpywbem/cim_obj.py:4324[0m
│                                               │  │  │  │  │  └─ [92m[2m0.103[0m [48;5;24m[38;5;15mqualifiers[0m  [2mpywbem/cim_obj.py:4779[0m
│                                               │  │  │  │  │     └─ [92m[2m0.095[0m [48;5;24m[38;5;15m__init__[0m  [2mpywbem/_nocasedict.py:90[0m
│                                               │  │  │  │  │        └─ [92m[2m0.078[0m __init__[0m  [2mcollections.py:50[0m
│                                               │  │  │  │  │              [8 frames hidden]  [2mcollections, abc, _weakrefset, _abcoll[0m
│                                               │  │  │  │  ├─ [92m[2m0.180[0m [48;5;24m[38;5;15munpack_value[0m  [2mpywbem/tupleparse.py:2137[0m
│                                               │  │  │  │  │  └─ [92m[2m0.144[0m [48;5;24m[38;5;15mlist_of_matching[0m  [2mpywbem/tupleparse.py:323[0m
│                                               │  │  │  │  │     └─ [92m[2m0.120[0m [48;5;24m[38;5;15mparse_any[0m  [2mpywbem/tupleparse.py:2047[0m
│                                               │  │  │  │  │        └─ [92m[2m0.111[0m [48;5;24m[38;5;15mparse_value_array[0m  [2mpywbem/tupleparse.py:469[0m
│                                               │  │  │  │  │           └─ [92m[2m0.072[0m [48;5;24m[38;5;15mlist_of_various[0m  [2mpywbem/tupleparse.py:302[0m
│                                               │  │  │  │  └─ [92m[2m0.063[0m [48;5;24m[38;5;15mcheck_node[0m  [2mpywbem/tupleparse.py:165[0m
│                                               │  │  │  └─ [92m[2m0.067[0m [self][0m  [2m[0m
│                                               │  │  └─ [92m[2m0.063[0m [self][0m  [2m[0m
│                                               │  ├─ [32m0.635[0m [48;5;24m[38;5;15m__init__[0m  [2mpywbem/cim_obj.py:2253[0m
│                                               │  │  ├─ [32m0.360[0m [48;5;24m[38;5;15mqualifiers[0m  [2mpywbem/cim_obj.py:2460[0m
│                                               │  │  │  └─ [32m0.357[0m [48;5;24m[38;5;15m__init__[0m  [2mpywbem/_nocasedict.py:90[0m
│                                               │  │  │     └─ [32m0.334[0m __init__[0m  [2mcollections.py:50[0m
│                                               │  │  │           [8 frames hidden]  [2mcollections, abc, _weakrefset, _abcoll[0m
│                                               │  │  └─ [92m[2m0.254[0m [48;5;24m[38;5;15mproperties[0m  [2mpywbem/cim_obj.py:2405[0m
│                                               │  │     └─ [92m[2m0.249[0m [48;5;24m[38;5;15m__init__[0m  [2mpywbem/_nocasedict.py:90[0m
│                                               │  │        └─ [92m[2m0.224[0m __init__[0m  [2mcollections.py:50[0m
│                                               │  │              [8 frames hidden]  [2mcollections, _abcoll, abc, _weakrefset[0m
│                                               │  ├─ [92m[2m0.164[0m [48;5;24m[38;5;15m__setitem__[0m  [2mpywbem/cim_obj.py:2635[0m
│                                               │  │  └─ [92m[2m0.079[0m [48;5;24m[38;5;15m__setitem__[0m  [2mpywbem/_nocasedict.py:231[0m
│                                               │  └─ [92m[2m0.129[0m [48;5;24m[38;5;15mcheck_node[0m  [2mpywbem/tupleparse.py:165[0m
│                                               │     └─ [92m[2m0.099[0m [self][0m  [2m[0m
│                                               ├─ [32m0.674[0m [48;5;24m[38;5;15mparse_instancename[0m  [2mpywbem/tupleparse.py:942[0m
│                                               │  ├─ [32m0.388[0m [48;5;24m[38;5;15m__init__[0m  [2mpywbem/cim_obj.py:1102[0m
│                                               │  │  └─ [32m0.369[0m [48;5;24m[38;5;15mkeybindings[0m  [2mpywbem/cim_obj.py:1252[0m
│                                               │  │     └─ [32m0.282[0m [48;5;24m[38;5;15m__init__[0m  [2mpywbem/_nocasedict.py:90[0m
│                                               │  │        └─ [92m[2m0.254[0m __init__[0m  [2mcollections.py:50[0m
│                                               │  │              [8 frames hidden]  [2mcollections, _abcoll, abc, _weakrefset[0m
│                                               │  └─ [92m[2m0.199[0m [48;5;24m[38;5;15mlist_of_various[0m  [2mpywbem/tupleparse.py:302[0m
│                                               │     └─ [92m[2m0.171[0m [48;5;24m[38;5;15mparse_any[0m  [2mpywbem/tupleparse.py:2047[0m
│                                               │        └─ [92m[2m0.161[0m [48;5;24m[38;5;15mparse_keybinding[0m  [2mpywbem/tupleparse.py:1013[0m
│                                               │           └─ [92m[2m0.119[0m [48;5;24m[38;5;15mone_child[0m  [2mpywbem/tupleparse.py:250[0m
│                                               │              └─ [92m[2m0.102[0m [48;5;24m[38;5;15mparse_any[0m  [2mpywbem/tupleparse.py:2047[0m
│                                               │                 └─ [92m[2m0.092[0m [48;5;24m[38;5;15mparse_keyvalue[0m  [2mpywbem/tupleparse.py:1034[0m
│                                               └─ [92m[2m0.272[0m [48;5;24m[38;5;15mpath[0m  [2mpywbem/cim_obj.py:2499[0m
│                                                  └─ [92m[2m0.265[0m [48;5;24m[38;5;15mcopy[0m  [2mpywbem/cim_obj.py:1438[0m
│                                                     └─ [92m[2m0.247[0m [48;5;24m[38;5;15m__init__[0m  [2mpywbem/cim_obj.py:1102[0m
│                                                        └─ [92m[2m0.218[0m [48;5;24m[38;5;15mkeybindings[0m  [2mpywbem/cim_obj.py:1252[0m
│                                                           └─ [92m[2m0.103[0m [48;5;24m[38;5;15m__init__[0m  [2mpywbem/_nocasedict.py:90[0m
│                                                              └─ [92m[2m0.084[0m __init__[0m  [2mcollections.py:50[0m
│                                                                    [8 frames hidden]  [2mcollections, abc, _weakrefset, _abcoll[0m
└─ [32m1.111[0m [48;5;24m[38;5;15mxml_to_tupletree_sax[0m  [2mpywbem/tupletree.py:125[0m
   └─ [32m1.103[0m parseString[0m  [2mxml/sax/__init__.py:35[0m
         [6 frames hidden]  [2mxml[0m
            [32m1.102[0m feed[0m  [2mxml/sax/expatreader.py:209[0m
            ├─ [32m0.590[0m [48;5;24m[38;5;15mStartElement[0m  [2m../../../../../private/tmp/python@2-20190212-94033-m4zuyi/Python-2.7.15/Modules/pyexpat.c:566[0m
            │  └─ [32m0.563[0m start_element[0m  [2mxml/sax/expatreader.py:335[0m
            │        [4 frames hidden]  [2mxml[0m
            │           [32m0.465[0m [48;5;24m[38;5;15mstartElement[0m  [2mpywbem/tupletree.py:96[0m
            │           └─ [32m0.430[0m [self][0m  [2m[0m
            ├─ [92m[2m0.190[0m [48;5;24m[38;5;15mCharacterData[0m  [2m../../../../../private/tmp/python@2-20190212-94033-m4zuyi/Python-2.7.15/Modules/pyexpat.c:441[0m
            │  └─ [92m[2m0.153[0m [48;5;24m[38;5;15mcharacters[0m  [2mpywbem/tupletree.py:115[0m
            └─ [92m[2m0.110[0m [48;5;24m[38;5;15mEndElement[0m  [2m../../../../../private/tmp/python@2-20190212-94033-m4zuyi/Python-2.7.15/Modules/pyexpat.c:618[0m
               └─ [92m[2m0.098[0m end_element[0m  [2mxml/sax/expatreader.py:338[0m
                     [2 frames hidden]  [2mxml[0m
                        [92m[2m0.069[0m [48;5;24m[38;5;15mendElement[0m  [2mpywbem/tupletree.py:111[0m


Results: profile=pyinst, response_counts=[10000],
   response-sizes=[500], 20190302-080856
+----------------+----------------+------------+--------------+
|   Exp Response |   Act Response |   Response |   Parse time |
|     Size Bytes |   Size (Bytes) |      Count |        sec.) |
+================+================+============+==============+
|            500 |            589 |      10000 |      5.62972 |
+----------------+----------------+------------+--------------+
