         9800503 function calls (9560498 primitive calls) in 5.962 seconds

   Ordered by: internal time, call count
   List reduced from 158 to 25 due to restriction <25>

   ncalls  tottime  percall  cumtime  percall filename:lineno(function)
    80000    0.972    0.000    1.183    0.000 collections.py:50(__init__)
   140005    0.414    0.000    0.672    0.000 tupleparse.py:165(check_node)
   140005    0.332    0.000    0.418    0.000 tupletree.py:96(startElement)
       92    0.280    0.003    1.248    0.014 {built-in method Parse}
  1740019    0.273    0.000    0.273    0.000 {isinstance}
   250005    0.187    0.000    0.270    0.000 tupleparse.py:117(kids)
 120004/1    0.175    0.000    4.705    4.705 tupleparse.py:2057(parse_any)
    40000    0.165    0.000    1.442    0.000 cim_obj.py:4324(__init__)
100000/20000    0.159    0.000    2.918    0.000 tupleparse.py:323(list_of_matching)
    30000    0.158    0.000    1.943    0.000 tupleparse.py:1318(parse_property)
    80000    0.134    0.000    1.317    0.000 _nocasedict.py:90(__init__)
   300007    0.119    0.000    0.175    0.000 tupletree.py:115(characters)
   140005    0.106    0.000    0.544    0.000 expatreader.py:335(start_element)
    80000    0.088    0.000    0.104    0.000 _abcoll.py:548(update)
   260000    0.077    0.000    0.133    0.000 _utils.py:41(_ensure_unicode)
    40000    0.074    0.000    0.670    0.000 tupleparse.py:2147(unpack_value)
   570010    0.073    0.000    0.073    0.000 {method 'append' of 'list' objects}
   300007    0.068    0.000    0.243    0.000 pyexpat.c:441(CharacterData)
    10000    0.067    0.000    3.561    0.000 tupleparse.py:1128(parse_instance)
    40000    0.066    0.000    0.230    0.000 cim_obj.py:2635(__setitem__)
    80000    0.064    0.000    0.099    0.000 abc.py:148(__subclasscheck__)
    20000    0.064    0.000    0.523    0.000 cim_obj.py:1252(keybindings)
    60000    0.059    0.000    0.059    0.000 collections.py:71(__setitem__)
    10000    0.058    0.000    0.730    0.000 tupleparse.py:1375(parse_property_array)
   550019    0.056    0.000    0.056    0.000 tupleparse.py:103(name)


Results: profile=cprofile, response_counts=[10000],
   response-sizes=[500], runid=13-tupletree 20190302-202325
+------------+------------+------------+---------+--------------+-------------+
|   Exp inst |   Act inst |   Response |     XML |   Parse time |   Instances |
|       size |       size |      Count |    size |         sec. |     per sec |
+============+============+============+=========+==============+=============+
|        500 |        589 |      10000 | 5896919 |         6.04 |        1654 |
+------------+------------+------------+---------+--------------+-------------+
