         9800503 function calls (9560498 primitive calls) in 6.751 seconds

   Ordered by: internal time, call count
   List reduced from 158 to 25 due to restriction <25>

   ncalls  tottime  percall  cumtime  percall filename:lineno(function)
    80000    1.028    0.000    1.368    0.000 collections.py:50(__init__)
   140005    0.468    0.000    0.754    0.000 tupleparse.py:165(check_node)
   140005    0.402    0.000    0.488    0.000 tupletree.py:96(startElement)
       92    0.310    0.003    1.404    0.015 {built-in method Parse}
  1740019    0.291    0.000    0.291    0.000 {isinstance}
   250005    0.203    0.000    0.290    0.000 tupleparse.py:117(kids)
    80000    0.201    0.000    0.217    0.000 _abcoll.py:548(update)
 120004/1    0.195    0.000    5.338    5.338 tupleparse.py:2057(parse_any)
    40000    0.191    0.000    1.534    0.000 cim_obj.py:4324(__init__)
    30000    0.178    0.000    2.186    0.000 tupleparse.py:1318(parse_property)
100000/20000    0.178    0.000    3.191    0.000 tupleparse.py:323(list_of_matching)
    80000    0.158    0.000    1.525    0.000 _nocasedict.py:90(__init__)
   300007    0.137    0.000    0.195    0.000 tupletree.py:115(characters)
   140005    0.117    0.000    0.626    0.000 expatreader.py:335(start_element)
   260000    0.087    0.000    0.146    0.000 _utils.py:41(_ensure_unicode)
    40000    0.084    0.000    0.753    0.000 tupleparse.py:2147(unpack_value)
   570010    0.076    0.000    0.076    0.000 {method 'append' of 'list' objects}
    10000    0.075    0.000    4.110    0.000 tupleparse.py:1128(parse_instance)
    20000    0.074    0.000    0.529    0.000 cim_obj.py:1252(keybindings)
   300007    0.074    0.000    0.269    0.000 pyexpat.c:441(CharacterData)
    40000    0.073    0.000    0.255    0.000 cim_obj.py:2635(__setitem__)
    80000    0.072    0.000    0.115    0.000 abc.py:148(__subclasscheck__)
   550019    0.067    0.000    0.067    0.000 tupleparse.py:103(name)
    60000    0.066    0.000    0.066    0.000 collections.py:71(__setitem__)
    10000    0.065    0.000    0.732    0.000 tupleparse.py:1375(parse_property_array)


Results: profile=cprofile, response_counts=[10000],
   response-sizes=[500], runid=12-nocasedict 20190302-173414
+------------+------------+------------+---------+--------------+-------------+
|   Exp inst |   Act inst |   Response |     XML |   Parse time |   Instances |
|       size |       size |      Count |    size |         sec. |     per sec |
+============+============+============+=========+==============+=============+
|        500 |        589 |      10000 | 5896919 |         6.85 |        1459 |
+------------+------------+------------+---------+--------------+-------------+
