         10720503 function calls (10480498 primitive calls) in 6.791 seconds

   Ordered by: internal time, call count
   List reduced from 161 to 25 due to restriction <25>

   ncalls  tottime  percall  cumtime  percall filename:lineno(function)
    80000    0.979    0.000    1.416    0.000 collections.py:50(__init__)
   140005    0.436    0.000    0.701    0.000 tupleparse.py:165(check_node)
   140005    0.390    0.000    0.471    0.000 tupletree.py:96(startElement)
  1990019    0.323    0.000    0.323    0.000 {isinstance}
    80000    0.309    0.000    0.324    0.000 _abcoll.py:548(update)
       92    0.279    0.003    1.348    0.015 {built-in method Parse}
    80000    0.206    0.000    1.741    0.000 _nocasedict.py:90(__init__)
    40000    0.205    0.000    1.586    0.000 cim_obj.py:4324(__init__)
   250005    0.192    0.000    0.273    0.000 tupleparse.py:117(kids)
 120004/1    0.187    0.000    5.434    5.434 tupleparse.py:2044(parse_any)
100000/20000    0.166    0.000    3.118    0.000 tupleparse.py:323(list_of_matching)
    30000    0.145    0.000    2.121    0.000 tupleparse.py:1318(parse_property)
   300007    0.141    0.000    0.202    0.000 tupletree.py:115(characters)
   140005    0.111    0.000    0.602    0.000 expatreader.py:335(start_element)
   300000    0.092    0.000    0.161    0.000 _utils.py:41(_ensure_unicode)
    40000    0.077    0.000    0.699    0.000 tupleparse.py:2134(unpack_value)
    80000    0.075    0.000    0.101    0.000 _nocasedict.py:377(update)
   300007    0.072    0.000    0.274    0.000 pyexpat.c:441(CharacterData)
   570010    0.072    0.000    0.072    0.000 {method 'append' of 'list' objects}
    10000    0.070    0.000    4.114    0.000 tupleparse.py:1128(parse_instance)
    20000    0.069    0.000    0.668    0.000 cim_obj.py:1252(keybindings)
    40000    0.068    0.000    0.256    0.000 cim_obj.py:2635(__setitem__)
    10000    0.068    0.000    0.742    0.000 tupleparse.py:1374(parse_property_array)
    80000    0.065    0.000    0.104    0.000 abc.py:148(__subclasscheck__)
   550019    0.060    0.000    0.060    0.000 tupleparse.py:103(name)


Results: profile=cprofile, response_counts=[10000],
   response-sizes=[500], 20190302-082620
+----------------+----------------+------------+--------------+
|   Exp Response |   Act Response |   Response |   Parse time |
|     Size Bytes |   Size (Bytes) |      Count |        sec.) |
+================+================+============+==============+
|            500 |            589 |      10000 |      6.89005 |
+----------------+----------------+------------+--------------+
