
  _     ._   __/__   _ _  _  _ _/_   Recorded: 08:27:23  Samples:  2824
 /_//_/// /_\ / //_// / //_'/ //     Duration: 5.634    
/   _/                      v3.0.1

Program: tests/manualtest/run_response_performance.py -i -c 1000 10000 -s 500 -n 25 -l -p pyinst -r 8-typeorigin

[31m5.634[0m [48;5;24m[38;5;15mexecute_test_code[0m  [2mrun_response_performance.py:192[0m
├─ [31m4.463[0m [48;5;24m[38;5;15mparse_cim[0m  [2mpywbem/tupleparse.py:384[0m
│  └─ [31m4.463[0m [48;5;24m[38;5;15mone_child[0m  [2mpywbem/tupleparse.py:250[0m
│     └─ [31m4.463[0m [48;5;24m[38;5;15mparse_any[0m  [2mpywbem/tupleparse.py:2044[0m
│        └─ [31m4.463[0m [48;5;24m[38;5;15mparse_message[0m  [2mpywbem/tupleparse.py:1618[0m
│           └─ [31m4.463[0m [48;5;24m[38;5;15mone_child[0m  [2mpywbem/tupleparse.py:250[0m
│              └─ [31m4.463[0m [48;5;24m[38;5;15mparse_any[0m  [2mpywbem/tupleparse.py:2044[0m
│                 └─ [31m4.463[0m [48;5;24m[38;5;15mparse_simplersp[0m  [2mpywbem/tupleparse.py:1879[0m
│                    └─ [31m4.463[0m [48;5;24m[38;5;15mone_child[0m  [2mpywbem/tupleparse.py:250[0m
│                       └─ [31m4.463[0m [48;5;24m[38;5;15mparse_any[0m  [2mpywbem/tupleparse.py:2044[0m
│                          └─ [31m4.463[0m [48;5;24m[38;5;15mparse_imethodresponse[0m  [2mpywbem/tupleparse.py:1934[0m
│                             └─ [31m4.463[0m [48;5;24m[38;5;15mlist_of_various[0m  [2mpywbem/tupleparse.py:302[0m
│                                └─ [31m4.463[0m [48;5;24m[38;5;15mparse_any[0m  [2mpywbem/tupleparse.py:2044[0m
│                                   └─ [31m4.463[0m [48;5;24m[38;5;15mparse_ireturnvalue[0m  [2mpywbem/tupleparse.py:2001[0m
│                                      └─ [31m4.454[0m [48;5;24m[38;5;15mlist_of_same[0m  [2mpywbem/tupleparse.py:339[0m
│                                         └─ [31m4.435[0m [48;5;24m[38;5;15mparse_any[0m  [2mpywbem/tupleparse.py:2044[0m
│                                            └─ [31m4.393[0m [48;5;24m[38;5;15mparse_value_namedinstance[0m  [2mpywbem/tupleparse.py:538[0m
│                                               ├─ [33m3.264[0m [48;5;24m[38;5;15mparse_instance[0m  [2mpywbem/tupleparse.py:1128[0m
│                                               │  ├─ [33m2.485[0m [48;5;24m[38;5;15mlist_of_matching[0m  [2mpywbem/tupleparse.py:323[0m
│                                               │  │  ├─ [33m2.383[0m [48;5;24m[38;5;15mparse_any[0m  [2mpywbem/tupleparse.py:2044[0m
│                                               │  │  │  ├─ [33m1.657[0m [48;5;24m[38;5;15mparse_property[0m  [2mpywbem/tupleparse.py:1318[0m
│                                               │  │  │  │  ├─ [32m1.003[0m [48;5;24m[38;5;15m__init__[0m  [2mpywbem/cim_obj.py:4324[0m
│                                               │  │  │  │  │  ├─ [32m0.698[0m [48;5;24m[38;5;15mqualifiers[0m  [2mpywbem/cim_obj.py:4779[0m
│                                               │  │  │  │  │  │  └─ [32m0.681[0m [48;5;24m[38;5;15m__init__[0m  [2mpywbem/_nocasedict.py:90[0m
│                                               │  │  │  │  │  │     ├─ [32m0.572[0m __init__[0m  [2mcollections.py:50[0m
│                                               │  │  │  │  │  │     │     [8 frames hidden]  [2mcollections, _abcoll, abc, _weakrefset[0m
│                                               │  │  │  │  │  │     └─ [92m[2m0.087[0m [self][0m  [2m[0m
│                                               │  │  │  │  │  └─ [92m[2m0.087[0m [self][0m  [2m[0m
│                                               │  │  │  │  ├─ [32m0.374[0m [48;5;24m[38;5;15munpack_value[0m  [2mpywbem/tupleparse.py:2134[0m
│                                               │  │  │  │  │  ├─ [92m[2m0.246[0m [48;5;24m[38;5;15mlist_of_matching[0m  [2mpywbem/tupleparse.py:323[0m
│                                               │  │  │  │  │  │  └─ [92m[2m0.192[0m [48;5;24m[38;5;15mparse_any[0m  [2mpywbem/tupleparse.py:2044[0m
│                                               │  │  │  │  │  │     └─ [92m[2m0.142[0m [48;5;24m[38;5;15mparse_value[0m  [2mpywbem/tupleparse.py:450[0m
│                                               │  │  │  │  │  │        └─ [92m[2m0.071[0m [48;5;24m[38;5;15mcheck_node[0m  [2mpywbem/tupleparse.py:165[0m
│                                               │  │  │  │  │  └─ [92m[2m0.088[0m [48;5;24m[38;5;15munpack_single_value[0m  [2mpywbem/tupleparse.py:2165[0m
│                                               │  │  │  │  │     └─ [92m[2m0.061[0m [48;5;24m[38;5;15munpack_numeric[0m  [2mpywbem/tupleparse.py:2278[0m
│                                               │  │  │  │  ├─ [92m[2m0.116[0m [self][0m  [2m[0m
│                                               │  │  │  │  └─ [92m[2m0.114[0m [48;5;24m[38;5;15mcheck_node[0m  [2mpywbem/tupleparse.py:165[0m
│                                               │  │  │  │     └─ [92m[2m0.082[0m [self][0m  [2m[0m
│                                               │  │  │  ├─ [32m0.640[0m [48;5;24m[38;5;15mparse_property_array[0m  [2mpywbem/tupleparse.py:1374[0m
│                                               │  │  │  │  ├─ [92m[2m0.237[0m [48;5;24m[38;5;15munpack_value[0m  [2mpywbem/tupleparse.py:2134[0m
│                                               │  │  │  │  │  └─ [92m[2m0.228[0m [48;5;24m[38;5;15mlist_of_matching[0m  [2mpywbem/tupleparse.py:323[0m
│                                               │  │  │  │  │     └─ [92m[2m0.207[0m [48;5;24m[38;5;15mparse_any[0m  [2mpywbem/tupleparse.py:2044[0m
│                                               │  │  │  │  │        └─ [92m[2m0.186[0m [48;5;24m[38;5;15mparse_value_array[0m  [2mpywbem/tupleparse.py:469[0m
│                                               │  │  │  │  │           └─ [92m[2m0.156[0m [48;5;24m[38;5;15mlist_of_various[0m  [2mpywbem/tupleparse.py:302[0m
│                                               │  │  │  │  │              └─ [92m[2m0.141[0m [48;5;24m[38;5;15mparse_any[0m  [2mpywbem/tupleparse.py:2044[0m
│                                               │  │  │  │  │                 └─ [92m[2m0.116[0m [48;5;24m[38;5;15mparse_value[0m  [2mpywbem/tupleparse.py:450[0m
│                                               │  │  │  │  │                    └─ [92m[2m0.085[0m [self][0m  [2m[0m
│                                               │  │  │  │  ├─ [92m[2m0.233[0m [48;5;24m[38;5;15m__init__[0m  [2mpywbem/cim_obj.py:4324[0m
│                                               │  │  │  │  │  └─ [92m[2m0.130[0m [48;5;24m[38;5;15mqualifiers[0m  [2mpywbem/cim_obj.py:4779[0m
│                                               │  │  │  │  │     └─ [92m[2m0.121[0m [48;5;24m[38;5;15m__init__[0m  [2mpywbem/_nocasedict.py:90[0m
│                                               │  │  │  │  │        └─ [92m[2m0.082[0m __init__[0m  [2mcollections.py:50[0m
│                                               │  │  │  │  │              [8 frames hidden]  [2mcollections, abc, _weakrefset, _abcoll[0m
│                                               │  │  │  │  ├─ [92m[2m0.071[0m [self][0m  [2m[0m
│                                               │  │  │  │  └─ [92m[2m0.059[0m [48;5;24m[38;5;15mcheck_node[0m  [2mpywbem/tupleparse.py:165[0m
│                                               │  │  │  └─ [92m[2m0.085[0m [self][0m  [2m[0m
│                                               │  │  └─ [92m[2m0.070[0m [self][0m  [2m[0m
│                                               │  ├─ [32m0.400[0m [48;5;24m[38;5;15m__init__[0m  [2mpywbem/cim_obj.py:2253[0m
│                                               │  │  ├─ [92m[2m0.280[0m [48;5;24m[38;5;15mproperties[0m  [2mpywbem/cim_obj.py:2405[0m
│                                               │  │  │  └─ [92m[2m0.276[0m [48;5;24m[38;5;15m__init__[0m  [2mpywbem/_nocasedict.py:90[0m
│                                               │  │  │     └─ [92m[2m0.246[0m __init__[0m  [2mcollections.py:50[0m
│                                               │  │  │           [8 frames hidden]  [2mcollections, _abcoll, abc, _weakrefset[0m
│                                               │  │  └─ [92m[2m0.093[0m [48;5;24m[38;5;15mqualifiers[0m  [2mpywbem/cim_obj.py:2460[0m
│                                               │  │     └─ [92m[2m0.085[0m [48;5;24m[38;5;15m__init__[0m  [2mpywbem/_nocasedict.py:90[0m
│                                               │  ├─ [92m[2m0.200[0m [48;5;24m[38;5;15m__setitem__[0m  [2mpywbem/cim_obj.py:2635[0m
│                                               │  │  └─ [92m[2m0.097[0m [48;5;24m[38;5;15m__setitem__[0m  [2mpywbem/_nocasedict.py:231[0m
│                                               │  ├─ [92m[2m0.106[0m [48;5;24m[38;5;15mcheck_node[0m  [2mpywbem/tupleparse.py:165[0m
│                                               │  │  └─ [92m[2m0.080[0m [self][0m  [2m[0m
│                                               │  └─ [92m[2m0.066[0m [self][0m  [2m[0m
│                                               ├─ [32m0.718[0m [48;5;24m[38;5;15mparse_instancename[0m  [2mpywbem/tupleparse.py:942[0m
│                                               │  ├─ [32m0.442[0m [48;5;24m[38;5;15m__init__[0m  [2mpywbem/cim_obj.py:1102[0m
│                                               │  │  └─ [32m0.404[0m [48;5;24m[38;5;15mkeybindings[0m  [2mpywbem/cim_obj.py:1252[0m
│                                               │  │     └─ [32m0.351[0m [48;5;24m[38;5;15m__init__[0m  [2mpywbem/_nocasedict.py:90[0m
│                                               │  │        └─ [32m0.325[0m __init__[0m  [2mcollections.py:50[0m
│                                               │  │              [7 frames hidden]  [2mcollections, _abcoll, abc, _weakrefset[0m
│                                               │  └─ [92m[2m0.198[0m [48;5;24m[38;5;15mlist_of_various[0m  [2mpywbem/tupleparse.py:302[0m
│                                               │     └─ [92m[2m0.182[0m [48;5;24m[38;5;15mparse_any[0m  [2mpywbem/tupleparse.py:2044[0m
│                                               │        └─ [92m[2m0.161[0m [48;5;24m[38;5;15mparse_keybinding[0m  [2mpywbem/tupleparse.py:1013[0m
│                                               │           └─ [92m[2m0.109[0m [48;5;24m[38;5;15mone_child[0m  [2mpywbem/tupleparse.py:250[0m
│                                               │              └─ [92m[2m0.091[0m [48;5;24m[38;5;15mparse_any[0m  [2mpywbem/tupleparse.py:2044[0m
│                                               │                 └─ [92m[2m0.073[0m [48;5;24m[38;5;15mparse_keyvalue[0m  [2mpywbem/tupleparse.py:1034[0m
│                                               └─ [32m0.347[0m [48;5;24m[38;5;15mpath[0m  [2mpywbem/cim_obj.py:2499[0m
│                                                  └─ [32m0.335[0m [48;5;24m[38;5;15mcopy[0m  [2mpywbem/cim_obj.py:1438[0m
│                                                     └─ [32m0.320[0m [48;5;24m[38;5;15m__init__[0m  [2mpywbem/cim_obj.py:1102[0m
│                                                        └─ [32m0.285[0m [48;5;24m[38;5;15mkeybindings[0m  [2mpywbem/cim_obj.py:1252[0m
│                                                           └─ [92m[2m0.160[0m [48;5;24m[38;5;15m__init__[0m  [2mpywbem/_nocasedict.py:90[0m
│                                                              └─ [92m[2m0.108[0m __init__[0m  [2mcollections.py:50[0m
│                                                                    [8 frames hidden]  [2mcollections, _abcoll, abc, _weakrefset[0m
└─ [32m1.117[0m [48;5;24m[38;5;15mxml_to_tupletree_sax[0m  [2mpywbem/tupletree.py:125[0m
   └─ [32m1.108[0m parseString[0m  [2mxml/sax/__init__.py:35[0m
         [5 frames hidden]  [2mxml[0m
            [32m1.108[0m feed[0m  [2mxml/sax/expatreader.py:209[0m
            ├─ [32m0.594[0m [48;5;24m[38;5;15mStartElement[0m  [2m../../../../../private/tmp/python@2-20190212-94033-m4zuyi/Python-2.7.15/Modules/pyexpat.c:566[0m
            │  └─ [32m0.571[0m start_element[0m  [2mxml/sax/expatreader.py:335[0m
            │        [4 frames hidden]  [2mxml[0m
            │           [32m0.464[0m [48;5;24m[38;5;15mstartElement[0m  [2mpywbem/tupletree.py:96[0m
            │           └─ [32m0.450[0m [self][0m  [2m[0m
            ├─ [92m[2m0.211[0m [48;5;24m[38;5;15mCharacterData[0m  [2m../../../../../private/tmp/python@2-20190212-94033-m4zuyi/Python-2.7.15/Modules/pyexpat.c:441[0m
            │  └─ [92m[2m0.164[0m [48;5;24m[38;5;15mcharacters[0m  [2mpywbem/tupletree.py:115[0m
            └─ [92m[2m0.102[0m [48;5;24m[38;5;15mEndElement[0m  [2m../../../../../private/tmp/python@2-20190212-94033-m4zuyi/Python-2.7.15/Modules/pyexpat.c:618[0m
               └─ [92m[2m0.076[0m end_element[0m  [2mxml/sax/expatreader.py:338[0m
                     [2 frames hidden]  [2mxml[0m


Results: profile=pyinst, response_counts=[10000],
   response-sizes=[500], 20190302-082655
+----------------+----------------+------------+--------------+
|   Exp Response |   Act Response |   Response |   Parse time |
|     Size Bytes |   Size (Bytes) |      Count |        sec.) |
+================+================+============+==============+
|            500 |            589 |      10000 |      5.67954 |
+----------------+----------------+------------+--------------+
