
  _     ._   __/__   _ _  _  _ _/_   Recorded: 16:34:49  Samples:  2607
 /_//_/// /_\ / //_// / //_'/ //     Duration: 5.197    
/   _/                      v3.0.1

Program: tests/manualtest/run_response_performance.py -i -c 1000 10000 -s 500 -n 25 -l -p pyinst -r 11-nocasedict

[31m5.197[0m [48;5;24m[38;5;15mexecute_test_code[0m  [2mrun_response_performance.py:193[0m
├─ [31m4.048[0m [48;5;24m[38;5;15mparse_cim[0m  [2mpywbem/tupleparse.py:384[0m
│  └─ [31m4.048[0m [48;5;24m[38;5;15mone_child[0m  [2mpywbem/tupleparse.py:250[0m
│     └─ [31m4.048[0m [48;5;24m[38;5;15mparse_any[0m  [2mpywbem/tupleparse.py:2057[0m
│        └─ [31m4.048[0m [48;5;24m[38;5;15mparse_message[0m  [2mpywbem/tupleparse.py:1631[0m
│           └─ [31m4.048[0m [48;5;24m[38;5;15mone_child[0m  [2mpywbem/tupleparse.py:250[0m
│              └─ [31m4.048[0m [48;5;24m[38;5;15mparse_any[0m  [2mpywbem/tupleparse.py:2057[0m
│                 └─ [31m4.048[0m [48;5;24m[38;5;15mparse_simplersp[0m  [2mpywbem/tupleparse.py:1892[0m
│                    └─ [31m4.048[0m [48;5;24m[38;5;15mone_child[0m  [2mpywbem/tupleparse.py:250[0m
│                       └─ [31m4.048[0m [48;5;24m[38;5;15mparse_any[0m  [2mpywbem/tupleparse.py:2057[0m
│                          └─ [31m4.048[0m [48;5;24m[38;5;15mparse_imethodresponse[0m  [2mpywbem/tupleparse.py:1947[0m
│                             └─ [31m4.048[0m [48;5;24m[38;5;15mlist_of_various[0m  [2mpywbem/tupleparse.py:302[0m
│                                └─ [31m4.048[0m [48;5;24m[38;5;15mparse_any[0m  [2mpywbem/tupleparse.py:2057[0m
│                                   └─ [31m4.048[0m [48;5;24m[38;5;15mparse_ireturnvalue[0m  [2mpywbem/tupleparse.py:2014[0m
│                                      └─ [31m4.039[0m [48;5;24m[38;5;15mlist_of_same[0m  [2mpywbem/tupleparse.py:339[0m
│                                         └─ [31m4.019[0m [48;5;24m[38;5;15mparse_any[0m  [2mpywbem/tupleparse.py:2057[0m
│                                            └─ [31m3.984[0m [48;5;24m[38;5;15mparse_value_namedinstance[0m  [2mpywbem/tupleparse.py:538[0m
│                                               ├─ [33m3.075[0m [48;5;24m[38;5;15mparse_instance[0m  [2mpywbem/tupleparse.py:1128[0m
│                                               │  ├─ [33m2.344[0m [48;5;24m[38;5;15mlist_of_matching[0m  [2mpywbem/tupleparse.py:323[0m
│                                               │  │  ├─ [33m2.227[0m [48;5;24m[38;5;15mparse_any[0m  [2mpywbem/tupleparse.py:2057[0m
│                                               │  │  │  ├─ [33m1.661[0m [48;5;24m[38;5;15mparse_property[0m  [2mpywbem/tupleparse.py:1318[0m
│                                               │  │  │  │  ├─ [32m0.977[0m [48;5;24m[38;5;15m__init__[0m  [2mpywbem/cim_obj.py:4324[0m
│                                               │  │  │  │  │  ├─ [32m0.683[0m [48;5;24m[38;5;15mqualifiers[0m  [2mpywbem/cim_obj.py:4789[0m
│                                               │  │  │  │  │  │  └─ [32m0.657[0m [48;5;24m[38;5;15m__init__[0m  [2mpywbem/_nocasedict.py:90[0m
│                                               │  │  │  │  │  │     ├─ [32m0.501[0m __init__[0m  [2mcollections.py:50[0m
│                                               │  │  │  │  │  │     │     [8 frames hidden]  [2mcollections, abc, _weakrefset, _abcoll[0m
│                                               │  │  │  │  │  │     └─ [92m[2m0.157[0m [self][0m  [2m[0m
│                                               │  │  │  │  │  ├─ [92m[2m0.086[0m [self][0m  [2m[0m
│                                               │  │  │  │  │  └─ [92m[2m0.054[0m [48;5;24m[38;5;15mvalue[0m  [2mpywbem/cim_obj.py:4570[0m
│                                               │  │  │  │  ├─ [32m0.339[0m [48;5;24m[38;5;15munpack_value[0m  [2mpywbem/tupleparse.py:2147[0m
│                                               │  │  │  │  │  ├─ [92m[2m0.189[0m [48;5;24m[38;5;15mlist_of_matching[0m  [2mpywbem/tupleparse.py:323[0m
│                                               │  │  │  │  │  │  └─ [92m[2m0.152[0m [48;5;24m[38;5;15mparse_any[0m  [2mpywbem/tupleparse.py:2057[0m
│                                               │  │  │  │  │  │     └─ [92m[2m0.117[0m [48;5;24m[38;5;15mparse_value[0m  [2mpywbem/tupleparse.py:450[0m
│                                               │  │  │  │  │  │        └─ [92m[2m0.052[0m [48;5;24m[38;5;15mcheck_node[0m  [2mpywbem/tupleparse.py:165[0m
│                                               │  │  │  │  │  └─ [92m[2m0.104[0m [48;5;24m[38;5;15munpack_single_value[0m  [2mpywbem/tupleparse.py:2178[0m
│                                               │  │  │  │  │     └─ [92m[2m0.074[0m [48;5;24m[38;5;15munpack_numeric[0m  [2mpywbem/tupleparse.py:2291[0m
│                                               │  │  │  │  ├─ [92m[2m0.153[0m [self][0m  [2m[0m
│                                               │  │  │  │  └─ [92m[2m0.134[0m [48;5;24m[38;5;15mcheck_node[0m  [2mpywbem/tupleparse.py:165[0m
│                                               │  │  │  │     └─ [92m[2m0.106[0m [self][0m  [2m[0m
│                                               │  │  │  ├─ [32m0.497[0m [48;5;24m[38;5;15mparse_property_array[0m  [2mpywbem/tupleparse.py:1375[0m
│                                               │  │  │  │  ├─ [92m[2m0.186[0m [48;5;24m[38;5;15m__init__[0m  [2mpywbem/cim_obj.py:4324[0m
│                                               │  │  │  │  │  └─ [92m[2m0.099[0m [48;5;24m[38;5;15mqualifiers[0m  [2mpywbem/cim_obj.py:4789[0m
│                                               │  │  │  │  │     └─ [92m[2m0.093[0m [48;5;24m[38;5;15m__init__[0m  [2mpywbem/_nocasedict.py:90[0m
│                                               │  │  │  │  │        └─ [92m[2m0.068[0m __init__[0m  [2mcollections.py:50[0m
│                                               │  │  │  │  │              [8 frames hidden]  [2mcollections, _abcoll, abc, _weakrefset[0m
│                                               │  │  │  │  ├─ [92m[2m0.182[0m [48;5;24m[38;5;15munpack_value[0m  [2mpywbem/tupleparse.py:2147[0m
│                                               │  │  │  │  │  └─ [92m[2m0.165[0m [48;5;24m[38;5;15mlist_of_matching[0m  [2mpywbem/tupleparse.py:323[0m
│                                               │  │  │  │  │     └─ [92m[2m0.131[0m [48;5;24m[38;5;15mparse_any[0m  [2mpywbem/tupleparse.py:2057[0m
│                                               │  │  │  │  │        └─ [92m[2m0.118[0m [48;5;24m[38;5;15mparse_value_array[0m  [2mpywbem/tupleparse.py:469[0m
│                                               │  │  │  │  │           └─ [92m[2m0.079[0m [48;5;24m[38;5;15mlist_of_various[0m  [2mpywbem/tupleparse.py:302[0m
│                                               │  │  │  │  │              └─ [92m[2m0.055[0m [48;5;24m[38;5;15mparse_any[0m  [2mpywbem/tupleparse.py:2057[0m
│                                               │  │  │  │  └─ [92m[2m0.058[0m [self][0m  [2m[0m
│                                               │  │  │  └─ [92m[2m0.065[0m [self][0m  [2m[0m
│                                               │  │  └─ [92m[2m0.071[0m [self][0m  [2m[0m
│                                               │  ├─ [32m0.315[0m [48;5;24m[38;5;15m__setitem__[0m  [2mpywbem/cim_obj.py:2635[0m
│                                               │  │  └─ [92m[2m0.237[0m [48;5;24m[38;5;15m__setitem__[0m  [2mpywbem/_nocasedict.py:231[0m
│                                               │  │     └─ [92m[2m0.188[0m __setitem__[0m  [2mcollections.py:71[0m
│                                               │  │           [2 frames hidden]  [2mcollections[0m
│                                               │  ├─ [92m[2m0.255[0m [48;5;24m[38;5;15m__init__[0m  [2mpywbem/cim_obj.py:2253[0m
│                                               │  │  ├─ [92m[2m0.167[0m [48;5;24m[38;5;15mproperties[0m  [2mpywbem/cim_obj.py:2405[0m
│                                               │  │  │  └─ [92m[2m0.160[0m [48;5;24m[38;5;15m__init__[0m  [2mpywbem/_nocasedict.py:90[0m
│                                               │  │  │     └─ [92m[2m0.146[0m __init__[0m  [2mcollections.py:50[0m
│                                               │  │  │           [8 frames hidden]  [2mcollections, _abcoll, abc, _weakrefset[0m
│                                               │  │  └─ [92m[2m0.060[0m [48;5;24m[38;5;15mqualifiers[0m  [2mpywbem/cim_obj.py:2460[0m
│                                               │  │     └─ [92m[2m0.056[0m [48;5;24m[38;5;15m__init__[0m  [2mpywbem/_nocasedict.py:90[0m
│                                               │  └─ [92m[2m0.122[0m [48;5;24m[38;5;15mcheck_node[0m  [2mpywbem/tupleparse.py:165[0m
│                                               │     └─ [92m[2m0.088[0m [self][0m  [2m[0m
│                                               ├─ [32m0.464[0m [48;5;24m[38;5;15mpath[0m  [2mpywbem/cim_obj.py:2499[0m
│                                               │  └─ [32m0.458[0m [48;5;24m[38;5;15mcopy[0m  [2mpywbem/cim_obj.py:1438[0m
│                                               │     └─ [32m0.442[0m [48;5;24m[38;5;15m__init__[0m  [2mpywbem/cim_obj.py:1102[0m
│                                               │        └─ [32m0.409[0m [48;5;24m[38;5;15mkeybindings[0m  [2mpywbem/cim_obj.py:1252[0m
│                                               │           ├─ [92m[2m0.228[0m [self][0m  [2m[0m
│                                               │           ├─ [92m[2m0.078[0m [48;5;24m[38;5;15m__init__[0m  [2mpywbem/_nocasedict.py:90[0m
│                                               │           │  └─ [92m[2m0.055[0m __init__[0m  [2mcollections.py:50[0m
│                                               │           │        [8 frames hidden]  [2mcollections, abc, _weakrefset, _abcoll[0m
│                                               │           └─ [92m[2m0.058[0m [48;5;24m[38;5;15mitems[0m  [2mpywbem/_nocasedict.py:313[0m
│                                               └─ [32m0.369[0m [48;5;24m[38;5;15mparse_instancename[0m  [2mpywbem/tupleparse.py:942[0m
│                                                  ├─ [92m[2m0.180[0m [48;5;24m[38;5;15mlist_of_various[0m  [2mpywbem/tupleparse.py:302[0m
│                                                  │  └─ [92m[2m0.173[0m [48;5;24m[38;5;15mparse_any[0m  [2mpywbem/tupleparse.py:2057[0m
│                                                  │     └─ [92m[2m0.151[0m [48;5;24m[38;5;15mparse_keybinding[0m  [2mpywbem/tupleparse.py:1013[0m
│                                                  │        └─ [92m[2m0.108[0m [48;5;24m[38;5;15mone_child[0m  [2mpywbem/tupleparse.py:250[0m
│                                                  │           └─ [92m[2m0.089[0m [48;5;24m[38;5;15mparse_any[0m  [2mpywbem/tupleparse.py:2057[0m
│                                                  │              └─ [92m[2m0.079[0m [48;5;24m[38;5;15mparse_keyvalue[0m  [2mpywbem/tupleparse.py:1034[0m
│                                                  └─ [92m[2m0.126[0m [48;5;24m[38;5;15m__init__[0m  [2mpywbem/cim_obj.py:1102[0m
│                                                     └─ [92m[2m0.114[0m [48;5;24m[38;5;15mkeybindings[0m  [2mpywbem/cim_obj.py:1252[0m
│                                                        └─ [92m[2m0.069[0m [48;5;24m[38;5;15m__init__[0m  [2mpywbem/_nocasedict.py:90[0m
│                                                           └─ [92m[2m0.058[0m __init__[0m  [2mcollections.py:50[0m
│                                                                 [8 frames hidden]  [2mcollections, abc, _weakrefset, _abcoll[0m
└─ [33m1.097[0m [48;5;24m[38;5;15mxml_to_tupletree_sax[0m  [2mpywbem/tupletree.py:125[0m
   └─ [33m1.090[0m parseString[0m  [2mxml/sax/__init__.py:35[0m
         [5 frames hidden]  [2mxml[0m
            [33m1.090[0m feed[0m  [2mxml/sax/expatreader.py:209[0m
            ├─ [32m0.543[0m [48;5;24m[38;5;15mStartElement[0m  [2m../../../../../private/tmp/python@2-20190212-94033-m4zuyi/Python-2.7.15/Modules/pyexpat.c:566[0m
            │  └─ [32m0.520[0m start_element[0m  [2mxml/sax/expatreader.py:335[0m
            │        [4 frames hidden]  [2mxml[0m
            │           [32m0.443[0m [48;5;24m[38;5;15mstartElement[0m  [2mpywbem/tupletree.py:96[0m
            │           └─ [32m0.422[0m [self][0m  [2m[0m
            ├─ [92m[2m0.180[0m [48;5;24m[38;5;15mCharacterData[0m  [2m../../../../../private/tmp/python@2-20190212-94033-m4zuyi/Python-2.7.15/Modules/pyexpat.c:441[0m
            │  └─ [92m[2m0.129[0m [48;5;24m[38;5;15mcharacters[0m  [2mpywbem/tupletree.py:115[0m
            └─ [92m[2m0.097[0m [48;5;24m[38;5;15mEndElement[0m  [2m../../../../../private/tmp/python@2-20190212-94033-m4zuyi/Python-2.7.15/Modules/pyexpat.c:618[0m
               └─ [92m[2m0.074[0m end_element[0m  [2mxml/sax/expatreader.py:338[0m
                     [2 frames hidden]  [2mxml[0m


Results: profile=pyinst, response_counts=[10000],
   response-sizes=[500], runid=11-nocasedict 20190302-163423
+------------+------------+------------+---------+--------------+-------------+
|   Exp inst |   Act inst |   Response |     XML |   Parse time |   Instances |
|       size |       size |      Count |    size |         sec. |     per sec |
+============+============+============+=========+==============+=============+
|        500 |        589 |      10000 | 5896919 |         5.23 |        1910 |
+------------+------------+------------+---------+--------------+-------------+
