         11870538 function calls (11630533 primitive calls) in 7.453 seconds

   Ordered by: internal time, call count
   List reduced from 166 to 25 due to restriction <25>

   ncalls  tottime  percall  cumtime  percall filename:lineno(function)
    80000    0.826    0.000    1.158    0.000 collections.py:50(__init__)
   300007    0.450    0.000    0.888    0.000 tupletree.py:115(characters)
   140005    0.447    0.000    0.749    0.000 tupleparse.py:168(check_node)
       92    0.321    0.003    1.996    0.022 {built-in method Parse}
  1810013    0.298    0.000    0.298    0.000 {isinstance}
   140005    0.240    0.000    0.327    0.000 tupletree.py:96(startElement)
    80000    0.212    0.000    1.490    0.000 _nocasedict.py:90(__init__)
    40000    0.198    0.000    1.685    0.000 cim_obj.py:4324(__init__)
   260005    0.197    0.000    0.284    0.000 tupleparse.py:103(filter_tuples)
    80000    0.187    0.000    0.227    0.000 abc.py:148(__subclasscheck__)
 120004/1    0.187    0.000    5.448    5.448 tupleparse.py:2046(parse_any)
100000/20000    0.171    0.000    3.396    0.000 tupleparse.py:324(list_of_matching)
   170006    0.163    0.000    0.163    0.000 {method 'format' of 'str' objects}
    30000    0.150    0.000    2.343    0.000 tupleparse.py:1320(parse_property)
   140005    0.117    0.000    0.465    0.000 expatreader.py:335(start_element)
   300007    0.116    0.000    1.004    0.000 pyexpat.c:441(CharacterData)
    40000    0.103    0.000    0.829    0.000 tupleparse.py:2135(unpack_value)
   200006    0.100    0.000    0.267    0.000 re.py:138(match)
   690016    0.096    0.000    0.096    0.000 {method 'append' of 'list' objects}
   300000    0.096    0.000    0.165    0.000 _utils.py:41(_ensure_unicode)
   220006    0.096    0.000    0.096    0.000 {method 'match' of '_sre.SRE_Pattern' objects}
   200006    0.092    0.000    0.092    0.000 re.py:230(_compile)
   260005    0.091    0.000    0.375    0.000 tupleparse.py:128(kids)
    80000    0.080    0.000    0.097    0.000 _abcoll.py:548(update)
    80000    0.077    0.000    0.103    0.000 _nocasedict.py:377(update)


Results: profile=cprofile, response_counts=[10000],
   response-sizes=[500], 20190302-003204
+----------------+----------------+------------+--------------+
|   Exp Response |   Act Response |   Response |   Parse time |
|     Size Bytes |   Size (Bytes) |      Count |        sec.) |
+================+================+============+==============+
|            500 |            589 |      10000 |      7.55447 |
+----------------+----------------+------------+--------------+
