         10420503 function calls (10180498 primitive calls) in 6.269 seconds

   Ordered by: internal time, call count
   List reduced from 159 to 25 due to restriction <25>

   ncalls  tottime  percall  cumtime  percall filename:lineno(function)
    80000    0.829    0.000    1.218    0.000 collections.py:50(__init__)
   140005    0.420    0.000    0.681    0.000 tupleparse.py:165(check_node)
   140005    0.369    0.000    0.448    0.000 tupletree.py:96(startElement)
  1800019    0.279    0.000    0.279    0.000 {isinstance}
       92    0.277    0.003    1.285    0.014 {built-in method Parse}
    80000    0.269    0.000    0.283    0.000 _abcoll.py:548(update)
    80000    0.199    0.000    1.534    0.000 _nocasedict.py:90(__init__)
   250005    0.188    0.000    0.270    0.000 tupleparse.py:117(kids)
 120004/1    0.174    0.000    4.976    4.976 tupleparse.py:2057(parse_any)
100000/20000    0.162    0.000    2.826    0.000 tupleparse.py:323(list_of_matching)
    40000    0.160    0.000    1.338    0.000 cim_obj.py:4324(__init__)
    30000    0.160    0.000    1.904    0.000 tupleparse.py:1318(parse_property)
   300007    0.121    0.000    0.176    0.000 tupletree.py:115(characters)
   140005    0.106    0.000    0.575    0.000 expatreader.py:335(start_element)
   260000    0.077    0.000    0.131    0.000 _utils.py:41(_ensure_unicode)
    80000    0.074    0.000    0.100    0.000 _nocasedict.py:377(update)
    40000    0.074    0.000    0.672    0.000 tupleparse.py:2147(unpack_value)
   570010    0.071    0.000    0.071    0.000 {method 'append' of 'list' objects}
   300007    0.070    0.000    0.246    0.000 pyexpat.c:441(CharacterData)
    10000    0.068    0.000    3.735    0.000 tupleparse.py:1128(parse_instance)
    40000    0.066    0.000    0.249    0.000 cim_obj.py:2635(__setitem__)
    20000    0.066    0.000    0.615    0.000 cim_obj.py:1252(keybindings)
    80000    0.063    0.000    0.099    0.000 abc.py:148(__subclasscheck__)
    60000    0.060    0.000    0.060    0.000 collections.py:71(__setitem__)
    10000    0.059    0.000    0.677    0.000 tupleparse.py:1375(parse_property_array)


Results: profile=cprofile, response_counts=[10000],
   response-sizes=[500], 20190302-113737
+----------------+----------------+------------+--------------+
|   Exp Response |   Act Response |   Response |   Parse time |
|     Size Bytes |   Size (Bytes) |      Count |        sec.) |
+================+================+============+==============+
|            500 |            589 |      10000 |      6.34977 |
+----------------+----------------+------------+--------------+
