
  _     ._   __/__   _ _  _  _ _/_   Recorded: 00:33:10  Samples:  3400
 /_//_/// /_\ / //_// / //_'/ //     Duration: 6.295    
/   _/                      v3.0.1

Program: tests/manualtest/run_response_performance.py -i -c 10 10000 -s 500 -n 25 -l -p pyinst -r 4-elementtxt

[31m6.295[0m [48;5;24m[38;5;15mexecute_test_code[0m  [2mrun_response_performance.py:192[0m
├─ [31m4.516[0m [48;5;24m[38;5;15mparse_cim[0m  [2mpywbem/tupleparse.py:385[0m
│  └─ [31m4.516[0m [48;5;24m[38;5;15mone_child[0m  [2mpywbem/tupleparse.py:253[0m
│     └─ [31m4.516[0m [48;5;24m[38;5;15mparse_any[0m  [2mpywbem/tupleparse.py:2046[0m
│        └─ [31m4.516[0m [48;5;24m[38;5;15mparse_message[0m  [2mpywbem/tupleparse.py:1620[0m
│           └─ [31m4.516[0m [48;5;24m[38;5;15mone_child[0m  [2mpywbem/tupleparse.py:253[0m
│              └─ [31m4.516[0m [48;5;24m[38;5;15mparse_any[0m  [2mpywbem/tupleparse.py:2046[0m
│                 └─ [31m4.516[0m [48;5;24m[38;5;15mparse_simplersp[0m  [2mpywbem/tupleparse.py:1881[0m
│                    └─ [31m4.516[0m [48;5;24m[38;5;15mone_child[0m  [2mpywbem/tupleparse.py:253[0m
│                       └─ [31m4.516[0m [48;5;24m[38;5;15mparse_any[0m  [2mpywbem/tupleparse.py:2046[0m
│                          └─ [31m4.516[0m [48;5;24m[38;5;15mparse_imethodresponse[0m  [2mpywbem/tupleparse.py:1936[0m
│                             └─ [31m4.516[0m [48;5;24m[38;5;15mlist_of_various[0m  [2mpywbem/tupleparse.py:303[0m
│                                └─ [31m4.516[0m [48;5;24m[38;5;15mparse_any[0m  [2mpywbem/tupleparse.py:2046[0m
│                                   └─ [31m4.516[0m [48;5;24m[38;5;15mparse_ireturnvalue[0m  [2mpywbem/tupleparse.py:2003[0m
│                                      └─ [31m4.506[0m [48;5;24m[38;5;15mlist_of_same[0m  [2mpywbem/tupleparse.py:340[0m
│                                         └─ [31m4.484[0m [48;5;24m[38;5;15mparse_any[0m  [2mpywbem/tupleparse.py:2046[0m
│                                            └─ [31m4.438[0m [48;5;24m[38;5;15mparse_value_namedinstance[0m  [2mpywbem/tupleparse.py:539[0m
│                                               ├─ [33m3.491[0m [48;5;24m[38;5;15mparse_instance[0m  [2mpywbem/tupleparse.py:1130[0m
│                                               │  ├─ [33m2.884[0m [48;5;24m[38;5;15mlist_of_matching[0m  [2mpywbem/tupleparse.py:324[0m
│                                               │  │  ├─ [33m2.779[0m [48;5;24m[38;5;15mparse_any[0m  [2mpywbem/tupleparse.py:2046[0m
│                                               │  │  │  ├─ [33m1.847[0m [48;5;24m[38;5;15mparse_property[0m  [2mpywbem/tupleparse.py:1320[0m
│                                               │  │  │  │  ├─ [32m1.099[0m [48;5;24m[38;5;15m__init__[0m  [2mpywbem/cim_obj.py:4324[0m
│                                               │  │  │  │  │  ├─ [32m0.719[0m [48;5;24m[38;5;15mqualifiers[0m  [2mpywbem/cim_obj.py:4779[0m
│                                               │  │  │  │  │  │  └─ [32m0.693[0m [48;5;24m[38;5;15m__init__[0m  [2mpywbem/_nocasedict.py:90[0m
│                                               │  │  │  │  │  │     ├─ [32m0.552[0m __init__[0m  [2mcollections.py:50[0m
│                                               │  │  │  │  │  │     │     [8 frames hidden]  [2mcollections, _abcoll, abc, _weakrefset[0m
│                                               │  │  │  │  │  │     └─ [92m[2m0.099[0m [self][0m  [2m[0m
│                                               │  │  │  │  │  └─ [92m[2m0.092[0m [self][0m  [2m[0m
│                                               │  │  │  │  ├─ [32m0.429[0m [48;5;24m[38;5;15munpack_value[0m  [2mpywbem/tupleparse.py:2135[0m
│                                               │  │  │  │  │  ├─ [92m[2m0.244[0m [48;5;24m[38;5;15mlist_of_matching[0m  [2mpywbem/tupleparse.py:324[0m
│                                               │  │  │  │  │  │  └─ [92m[2m0.192[0m [48;5;24m[38;5;15mparse_any[0m  [2mpywbem/tupleparse.py:2046[0m
│                                               │  │  │  │  │  │     └─ [92m[2m0.144[0m [48;5;24m[38;5;15mparse_value[0m  [2mpywbem/tupleparse.py:451[0m
│                                               │  │  │  │  │  │        └─ [92m[2m0.063[0m [48;5;24m[38;5;15mcheck_node[0m  [2mpywbem/tupleparse.py:168[0m
│                                               │  │  │  │  │  ├─ [92m[2m0.102[0m [48;5;24m[38;5;15munpack_single_value[0m  [2mpywbem/tupleparse.py:2167[0m
│                                               │  │  │  │  │  │  └─ [92m[2m0.063[0m [48;5;24m[38;5;15munpack_numeric[0m  [2mpywbem/tupleparse.py:2281[0m
│                                               │  │  │  │  │  └─ [92m[2m0.083[0m [self][0m  [2m[0m
│                                               │  │  │  │  ├─ [92m[2m0.137[0m [self][0m  [2m[0m
│                                               │  │  │  │  └─ [92m[2m0.120[0m [48;5;24m[38;5;15mcheck_node[0m  [2mpywbem/tupleparse.py:168[0m
│                                               │  │  │  │     └─ [92m[2m0.095[0m [self][0m  [2m[0m
│                                               │  │  │  ├─ [32m0.831[0m [48;5;24m[38;5;15mparse_property_array[0m  [2mpywbem/tupleparse.py:1376[0m
│                                               │  │  │  │  ├─ [32m0.435[0m [48;5;24m[38;5;15munpack_value[0m  [2mpywbem/tupleparse.py:2135[0m
│                                               │  │  │  │  │  └─ [32m0.408[0m [48;5;24m[38;5;15mlist_of_matching[0m  [2mpywbem/tupleparse.py:324[0m
│                                               │  │  │  │  │     └─ [32m0.379[0m [48;5;24m[38;5;15mparse_any[0m  [2mpywbem/tupleparse.py:2046[0m
│                                               │  │  │  │  │        └─ [32m0.366[0m [48;5;24m[38;5;15mparse_value_array[0m  [2mpywbem/tupleparse.py:470[0m
│                                               │  │  │  │  │           └─ [32m0.322[0m [48;5;24m[38;5;15mlist_of_various[0m  [2mpywbem/tupleparse.py:303[0m
│                                               │  │  │  │  │              └─ [92m[2m0.296[0m [48;5;24m[38;5;15mparse_any[0m  [2mpywbem/tupleparse.py:2046[0m
│                                               │  │  │  │  │                 └─ [92m[2m0.279[0m [48;5;24m[38;5;15mparse_value[0m  [2mpywbem/tupleparse.py:451[0m
│                                               │  │  │  │  │                    └─ [92m[2m0.249[0m [self][0m  [2m[0m
│                                               │  │  │  │  ├─ [92m[2m0.255[0m [48;5;24m[38;5;15m__init__[0m  [2mpywbem/cim_obj.py:4324[0m
│                                               │  │  │  │  │  └─ [92m[2m0.158[0m [48;5;24m[38;5;15mqualifiers[0m  [2mpywbem/cim_obj.py:4779[0m
│                                               │  │  │  │  │     └─ [92m[2m0.153[0m [48;5;24m[38;5;15m__init__[0m  [2mpywbem/_nocasedict.py:90[0m
│                                               │  │  │  │  │        └─ [92m[2m0.106[0m __init__[0m  [2mcollections.py:50[0m
│                                               │  │  │  │  │              [8 frames hidden]  [2mcollections, abc, _weakrefset, _abcoll[0m
│                                               │  │  │  │  └─ [92m[2m0.070[0m [48;5;24m[38;5;15mcheck_node[0m  [2mpywbem/tupleparse.py:168[0m
│                                               │  │  │  └─ [92m[2m0.094[0m [self][0m  [2m[0m
│                                               │  │  └─ [92m[2m0.065[0m [self][0m  [2m[0m
│                                               │  ├─ [92m[2m0.228[0m [48;5;24m[38;5;15m__init__[0m  [2mpywbem/cim_obj.py:2253[0m
│                                               │  │  ├─ [92m[2m0.126[0m [48;5;24m[38;5;15mproperties[0m  [2mpywbem/cim_obj.py:2405[0m
│                                               │  │  │  └─ [92m[2m0.123[0m [48;5;24m[38;5;15m__init__[0m  [2mpywbem/_nocasedict.py:90[0m
│                                               │  │  │     └─ [92m[2m0.086[0m __init__[0m  [2mcollections.py:50[0m
│                                               │  │  │           [8 frames hidden]  [2mcollections, _abcoll, abc, _weakrefset[0m
│                                               │  │  └─ [92m[2m0.078[0m [48;5;24m[38;5;15mqualifiers[0m  [2mpywbem/cim_obj.py:2460[0m
│                                               │  │     └─ [92m[2m0.067[0m [48;5;24m[38;5;15m__init__[0m  [2mpywbem/_nocasedict.py:90[0m
│                                               │  ├─ [92m[2m0.194[0m [48;5;24m[38;5;15m__setitem__[0m  [2mpywbem/cim_obj.py:2635[0m
│                                               │  │  └─ [92m[2m0.078[0m [48;5;24m[38;5;15m__setitem__[0m  [2mpywbem/_nocasedict.py:231[0m
│                                               │  └─ [92m[2m0.116[0m [48;5;24m[38;5;15mcheck_node[0m  [2mpywbem/tupleparse.py:168[0m
│                                               │     └─ [92m[2m0.087[0m [self][0m  [2m[0m
│                                               ├─ [32m0.494[0m [48;5;24m[38;5;15mparse_instancename[0m  [2mpywbem/tupleparse.py:943[0m
│                                               │  ├─ [92m[2m0.209[0m [48;5;24m[38;5;15mlist_of_various[0m  [2mpywbem/tupleparse.py:303[0m
│                                               │  │  └─ [92m[2m0.189[0m [48;5;24m[38;5;15mparse_any[0m  [2mpywbem/tupleparse.py:2046[0m
│                                               │  │     └─ [92m[2m0.176[0m [48;5;24m[38;5;15mparse_keybinding[0m  [2mpywbem/tupleparse.py:1012[0m
│                                               │  │        └─ [92m[2m0.141[0m [48;5;24m[38;5;15mone_child[0m  [2mpywbem/tupleparse.py:253[0m
│                                               │  │           └─ [92m[2m0.127[0m [48;5;24m[38;5;15mparse_any[0m  [2mpywbem/tupleparse.py:2046[0m
│                                               │  │              └─ [92m[2m0.103[0m [48;5;24m[38;5;15mparse_keyvalue[0m  [2mpywbem/tupleparse.py:1033[0m
│                                               │  └─ [92m[2m0.187[0m [48;5;24m[38;5;15m__init__[0m  [2mpywbem/cim_obj.py:1102[0m
│                                               │     └─ [92m[2m0.152[0m [48;5;24m[38;5;15mkeybindings[0m  [2mpywbem/cim_obj.py:1252[0m
│                                               │        └─ [92m[2m0.104[0m [48;5;24m[38;5;15m__init__[0m  [2mpywbem/_nocasedict.py:90[0m
│                                               │           └─ [92m[2m0.076[0m __init__[0m  [2mcollections.py:50[0m
│                                               │                 [8 frames hidden]  [2mcollections, abc, _weakrefset, _abcoll[0m
│                                               └─ [32m0.391[0m [48;5;24m[38;5;15mpath[0m  [2mpywbem/cim_obj.py:2499[0m
│                                                  └─ [32m0.380[0m [48;5;24m[38;5;15mcopy[0m  [2mpywbem/cim_obj.py:1438[0m
│                                                     └─ [32m0.365[0m [48;5;24m[38;5;15m__init__[0m  [2mpywbem/cim_obj.py:1102[0m
│                                                        └─ [32m0.328[0m [48;5;24m[38;5;15mkeybindings[0m  [2mpywbem/cim_obj.py:1252[0m
│                                                           └─ [92m[2m0.205[0m [48;5;24m[38;5;15m__init__[0m  [2mpywbem/_nocasedict.py:90[0m
│                                                              └─ [92m[2m0.177[0m __init__[0m  [2mcollections.py:50[0m
│                                                                    [8 frames hidden]  [2mcollections, abc, _weakrefset, _abcoll[0m
└─ [33m1.725[0m [48;5;24m[38;5;15mxml_to_tupletree_sax[0m  [2mpywbem/tupletree.py:127[0m
   └─ [33m1.716[0m parseString[0m  [2mxml/sax/__init__.py:35[0m
         [6 frames hidden]  [2mxml[0m
            [33m1.713[0m feed[0m  [2mxml/sax/expatreader.py:209[0m
            ├─ [32m0.767[0m [48;5;24m[38;5;15mCharacterData[0m  [2m../../../../../private/tmp/python@2-20190212-94033-m4zuyi/Python-2.7.15/Modules/pyexpat.c:441[0m
            │  ├─ [32m0.688[0m [48;5;24m[38;5;15mcharacters[0m  [2mpywbem/tupletree.py:115[0m
            │  │  ├─ [32m0.394[0m [self][0m  [2m[0m
            │  │  └─ [92m[2m0.294[0m match[0m  [2mre.py:138[0m
            │  │        [4 frames hidden]  [2mre[0m
            │  └─ [92m[2m0.079[0m [self][0m  [2m[0m
            ├─ [32m0.627[0m [48;5;24m[38;5;15mStartElement[0m  [2m../../../../../private/tmp/python@2-20190212-94033-m4zuyi/Python-2.7.15/Modules/pyexpat.c:566[0m
            │  └─ [32m0.595[0m start_element[0m  [2mxml/sax/expatreader.py:335[0m
            │        [4 frames hidden]  [2mxml[0m
            │           [32m0.471[0m [48;5;24m[38;5;15mstartElement[0m  [2mpywbem/tupletree.py:96[0m
            │           └─ [32m0.421[0m [self][0m  [2m[0m
            └─ [92m[2m0.086[0m [48;5;24m[38;5;15mEndElement[0m  [2m../../../../../private/tmp/python@2-20190212-94033-m4zuyi/Python-2.7.15/Modules/pyexpat.c:618[0m


Results: profile=pyinst, response_counts=[10000],
   response-sizes=[500], 20190302-003239
+----------------+----------------+------------+--------------+
|   Exp Response |   Act Response |   Response |   Parse time |
|     Size Bytes |   Size (Bytes) |      Count |        sec.) |
+================+================+============+==============+
|            500 |            589 |      10000 |      6.33905 |
+----------------+----------------+------------+--------------+
